[debug] [2022-01-13T11:53:06.603Z] ----------------------------------------------------------------------
[debug] [2022-01-13T11:53:06.610Z] Command:       C:\Program Files\nodejs\node.exe C:\Users\ELCOT\AppData\Roaming\npm\node_modules\firebase-tools\lib\bin\firebase.js deploy
[debug] [2022-01-13T11:53:06.611Z] CLI Version:   10.1.0
[debug] [2022-01-13T11:53:06.611Z] Platform:      win32
[debug] [2022-01-13T11:53:06.612Z] Node Version:  v14.18.0
[debug] [2022-01-13T11:53:06.614Z] Time:          Thu Jan 13 2022 17:23:06 GMT+0530 (India Standard Time)
[debug] [2022-01-13T11:53:06.615Z] ----------------------------------------------------------------------
[debug] 
[debug] [2022-01-13T11:53:06.824Z] > command requires scopes: ["email","openid","https://www.googleapis.com/auth/cloudplatformprojects.readonly","https://www.googleapis.com/auth/firebase","https://www.googleapis.com/auth/cloud-platform"]
[debug] [2022-01-13T11:53:06.825Z] > authorizing via signed-in user (krishguru435@gmail.com)
[debug] [2022-01-13T11:53:06.825Z] [iam] checking project pagination-2e754 for permissions ["firebase.projects.get","firebasehosting.sites.update"]
[debug] [2022-01-13T11:53:06.832Z] > refreshing access token with scopes: ["email","https://www.googleapis.com/auth/cloud-platform","https://www.googleapis.com/auth/cloudplatformprojects.readonly","https://www.googleapis.com/auth/firebase","openid"]
[debug] [2022-01-13T11:53:06.833Z] >>> HTTP REQUEST POST https://www.googleapis.com/oauth2/v3/token  
 <request body omitted>
[debug] [2022-01-13T11:53:07.280Z] <<< HTTP RESPONSE 200 {"pragma":"no-cache","date":"Thu, 13 Jan 2022 11:53:30 GMT","expires":"Mon, 01 Jan 1990 00:00:00 GMT","cache-control":"no-cache, no-store, max-age=0, must-revalidate","content-type":"application/json; charset=utf-8","vary":"X-Origin, Referer, Origin,Accept-Encoding","server":"scaffolding on HTTPServer2","x-xss-protection":"0","x-frame-options":"SAMEORIGIN","x-content-type-options":"nosniff","alt-svc":"h3=\":443\"; ma=2592000,h3-29=\":443\"; ma=2592000,h3-Q050=\":443\"; ma=2592000,h3-Q046=\":443\"; ma=2592000,h3-Q043=\":443\"; ma=2592000,quic=\":443\"; ma=2592000; v=\"46,43\"","accept-ranges":"none","transfer-encoding":"chunked"}
[debug] [2022-01-13T11:53:07.422Z] >>> HTTP REQUEST POST https://cloudresourcemanager.googleapis.com/v1/projects/pagination-2e754:testIamPermissions  
 {"permissions":["firebase.projects.get","firebasehosting.sites.update"]}
[debug] [2022-01-13T11:53:09.190Z] <<< HTTP RESPONSE 200 {"content-type":"application/json; charset=UTF-8","vary":"X-Origin, Referer, Origin,Accept-Encoding","date":"Thu, 13 Jan 2022 11:53:32 GMT","server":"ESF","cache-control":"private","x-xss-protection":"0","x-frame-options":"SAMEORIGIN","x-content-type-options":"nosniff","server-timing":"gfet4t7; dur=1145","alt-svc":"h3=\":443\"; ma=2592000,h3-29=\":443\"; ma=2592000,h3-Q050=\":443\"; ma=2592000,h3-Q046=\":443\"; ma=2592000,h3-Q043=\":443\"; ma=2592000,quic=\":443\"; ma=2592000; v=\"46,43\"","accept-ranges":"none","transfer-encoding":"chunked"}
[debug] [2022-01-13T11:53:09.200Z] > refreshing access token with scopes: []
[debug] [2022-01-13T11:53:09.201Z] >>> HTTP REQUEST POST https://www.googleapis.com/oauth2/v3/token  
 <request body omitted>
[debug] [2022-01-13T11:53:09.534Z] <<< HTTP RESPONSE 200 {"pragma":"no-cache","cache-control":"no-cache, no-store, max-age=0, must-revalidate","expires":"Mon, 01 Jan 1990 00:00:00 GMT","date":"Thu, 13 Jan 2022 11:53:32 GMT","content-type":"application/json; charset=utf-8","vary":"X-Origin, Referer, Origin,Accept-Encoding","server":"scaffolding on HTTPServer2","x-xss-protection":"0","x-frame-options":"SAMEORIGIN","x-content-type-options":"nosniff","alt-svc":"h3=\":443\"; ma=2592000,h3-29=\":443\"; ma=2592000,h3-Q050=\":443\"; ma=2592000,h3-Q046=\":443\"; ma=2592000,h3-Q043=\":443\"; ma=2592000,quic=\":443\"; ma=2592000; v=\"46,43\"","accept-ranges":"none","transfer-encoding":"chunked"}
[debug] [2022-01-13T11:53:09.606Z] >>> [apiv2][query] GET https://firebase.googleapis.com/v1beta1/projects/pagination-2e754 [none]
[debug] [2022-01-13T11:53:10.343Z] <<< [apiv2][status] GET https://firebase.googleapis.com/v1beta1/projects/pagination-2e754 200
[debug] [2022-01-13T11:53:10.344Z] <<< [apiv2][body] GET https://firebase.googleapis.com/v1beta1/projects/pagination-2e754 {"projectId":"pagination-2e754","projectNumber":"172456155465","displayName":"pagination","name":"projects/pagination-2e754","resources":{"hostingSite":"pagination-2e754"},"state":"ACTIVE"}
[info] 
[info] === Deploying to 'pagination-2e754'...
[info] 
[info] i  deploying hosting 
[debug] [2022-01-13T11:53:10.378Z] > refreshing access token with scopes: ["email","https://www.googleapis.com/auth/cloud-platform","https://www.googleapis.com/auth/cloudplatformprojects.readonly","https://www.googleapis.com/auth/firebase","openid"]
[debug] [2022-01-13T11:53:10.379Z] >>> HTTP REQUEST POST https://www.googleapis.com/oauth2/v3/token  
 <request body omitted>
[debug] [2022-01-13T11:53:10.697Z] <<< HTTP RESPONSE 200 {"date":"Thu, 13 Jan 2022 11:53:34 GMT","expires":"Mon, 01 Jan 1990 00:00:00 GMT","pragma":"no-cache","cache-control":"no-cache, no-store, max-age=0, must-revalidate","content-type":"application/json; charset=utf-8","vary":"X-Origin, Referer, Origin,Accept-Encoding","server":"scaffolding on HTTPServer2","x-xss-protection":"0","x-frame-options":"SAMEORIGIN","x-content-type-options":"nosniff","alt-svc":"h3=\":443\"; ma=2592000,h3-29=\":443\"; ma=2592000,h3-Q050=\":443\"; ma=2592000,h3-Q046=\":443\"; ma=2592000,h3-Q043=\":443\"; ma=2592000,quic=\":443\"; ma=2592000; v=\"46,43\"","accept-ranges":"none","transfer-encoding":"chunked"}
[debug] [2022-01-13T11:53:10.768Z] >>> HTTP REQUEST POST https://firebasehosting.googleapis.com/v1beta1/sites/pagination-2e754/versions  
 {"config":{},"labels":{"deployment-tool":"cli-firebase"}}
[debug] [2022-01-13T11:53:13.104Z] <<< HTTP RESPONSE 500 {"vary":"X-Origin, Referer, Origin,Accept-Encoding","content-type":"application/json; charset=UTF-8","date":"Thu, 13 Jan 2022 11:53:36 GMT","server":"ESF","cache-control":"private","x-xss-protection":"0","x-frame-options":"SAMEORIGIN","x-content-type-options":"nosniff","alt-svc":"h3=\":443\"; ma=2592000,h3-29=\":443\"; ma=2592000,h3-Q050=\":443\"; ma=2592000,h3-Q046=\":443\"; ma=2592000,h3-Q043=\":443\"; ma=2592000,quic=\":443\"; ma=2592000; v=\"46,43\"","accept-ranges":"none","transfer-encoding":"chunked"}
[debug] [2022-01-13T11:53:13.105Z] <<< HTTP RESPONSE BODY {"error":{"code":500,"message":"Internal error encountered.","status":"INTERNAL"}}
[error] 
[error] Error: HTTP Error: 500, Internal error encountered.
[debug] [2022-01-13T11:53:13.508Z] Error Context: {
  "body": {
    "error": {
      "code": 500,
      "message": "Internal error encountered.",
      "status": "INTERNAL"
    }
  },
  "response": {
    "statusCode": 500,
    "body": {
      "error": {
        "code": 500,
        "message": "Internal error encountered.",
        "status": "INTERNAL"
      }
    },
    "headers": {
      "vary": "X-Origin, Referer, Origin,Accept-Encoding",
      "content-type": "application/json; charset=UTF-8",
      "date": "Thu, 13 Jan 2022 11:53:36 GMT",
      "server": "ESF",
      "cache-control": "private",
      "x-xss-protection": "0",
      "x-frame-options": "SAMEORIGIN",
      "x-content-type-options": "nosniff",
      "alt-svc": "h3=\":443\"; ma=2592000,h3-29=\":443\"; ma=2592000,h3-Q050=\":443\"; ma=2592000,h3-Q046=\":443\"; ma=2592000,h3-Q043=\":443\"; ma=2592000,quic=\":443\"; ma=2592000; v=\"46,43\"",
      "accept-ranges": "none",
      "transfer-encoding": "chunked"
    },
    "request": {
      "uri": {
        "protocol": "https:",
        "slashes": true,
        "auth": null,
        "host": "firebasehosting.googleapis.com",
        "port": 443,
        "hostname": "firebasehosting.googleapis.com",
        "hash": null,
        "search": null,
        "query": null,
        "pathname": "/v1beta1/sites/pagination-2e754/versions",
        "path": "/v1beta1/sites/pagination-2e754/versions",
        "href": "https://firebasehosting.googleapis.com/v1beta1/sites/pagination-2e754/versions"
      },
      "method": "POST"
    }
  }
}
[debug] [2022-01-13T11:55:52.325Z] ----------------------------------------------------------------------
[debug] [2022-01-13T11:55:52.331Z] Command:       C:\Program Files\nodejs\node.exe C:\Users\ELCOT\AppData\Roaming\npm\node_modules\firebase-tools\lib\bin\firebase.js deploy
[debug] [2022-01-13T11:55:52.333Z] CLI Version:   10.1.0
[debug] [2022-01-13T11:55:52.333Z] Platform:      win32
[debug] [2022-01-13T11:55:52.333Z] Node Version:  v14.18.0
[debug] [2022-01-13T11:55:52.336Z] Time:          Thu Jan 13 2022 17:25:52 GMT+0530 (India Standard Time)
[debug] [2022-01-13T11:55:52.336Z] ----------------------------------------------------------------------
[debug] 
[debug] [2022-01-13T11:55:52.541Z] > command requires scopes: ["email","openid","https://www.googleapis.com/auth/cloudplatformprojects.readonly","https://www.googleapis.com/auth/firebase","https://www.googleapis.com/auth/cloud-platform"]
[debug] [2022-01-13T11:55:52.542Z] > authorizing via signed-in user (krishguru435@gmail.com)
[debug] [2022-01-13T11:55:52.542Z] [iam] checking project pagination-2e754 for permissions ["firebase.projects.get","firebasehosting.sites.update"]
[debug] [2022-01-13T11:55:52.549Z] >>> HTTP REQUEST POST https://cloudresourcemanager.googleapis.com/v1/projects/pagination-2e754:testIamPermissions  
 {"permissions":["firebase.projects.get","firebasehosting.sites.update"]}
[debug] [2022-01-13T11:55:55.398Z] <<< HTTP RESPONSE 200 {"content-type":"application/json; charset=UTF-8","vary":"X-Origin, Referer, Origin,Accept-Encoding","date":"Thu, 13 Jan 2022 11:56:17 GMT","server":"ESF","cache-control":"private","x-xss-protection":"0","x-frame-options":"SAMEORIGIN","x-content-type-options":"nosniff","server-timing":"gfet4t7; dur=1136","alt-svc":"h3=\":443\"; ma=2592000,h3-29=\":443\"; ma=2592000,h3-Q050=\":443\"; ma=2592000,h3-Q046=\":443\"; ma=2592000,h3-Q043=\":443\"; ma=2592000,quic=\":443\"; ma=2592000; v=\"46,43\"","accept-ranges":"none","transfer-encoding":"chunked"}
[debug] [2022-01-13T11:55:55.411Z] > refreshing access token with scopes: []
[debug] [2022-01-13T11:55:55.412Z] >>> HTTP REQUEST POST https://www.googleapis.com/oauth2/v3/token  
 <request body omitted>
[debug] [2022-01-13T11:55:55.852Z] <<< HTTP RESPONSE 200 {"expires":"Mon, 01 Jan 1990 00:00:00 GMT","cache-control":"no-cache, no-store, max-age=0, must-revalidate","date":"Thu, 13 Jan 2022 11:56:19 GMT","pragma":"no-cache","content-type":"application/json; charset=utf-8","vary":"X-Origin, Referer, Origin,Accept-Encoding","server":"scaffolding on HTTPServer2","x-xss-protection":"0","x-frame-options":"SAMEORIGIN","x-content-type-options":"nosniff","alt-svc":"h3=\":443\"; ma=2592000,h3-29=\":443\"; ma=2592000,h3-Q050=\":443\"; ma=2592000,h3-Q046=\":443\"; ma=2592000,h3-Q043=\":443\"; ma=2592000,quic=\":443\"; ma=2592000; v=\"46,43\"","accept-ranges":"none","transfer-encoding":"chunked"}
[debug] [2022-01-13T11:55:55.975Z] >>> [apiv2][query] GET https://firebase.googleapis.com/v1beta1/projects/pagination-2e754 [none]
[debug] [2022-01-13T11:55:56.965Z] <<< [apiv2][status] GET https://firebase.googleapis.com/v1beta1/projects/pagination-2e754 200
[debug] [2022-01-13T11:55:56.967Z] <<< [apiv2][body] GET https://firebase.googleapis.com/v1beta1/projects/pagination-2e754 {"projectId":"pagination-2e754","projectNumber":"172456155465","displayName":"pagination","name":"projects/pagination-2e754","resources":{"hostingSite":"pagination-2e754"},"state":"ACTIVE"}
[info] 
[info] === Deploying to 'pagination-2e754'...
[info] 
[info] i  deploying hosting 
[debug] [2022-01-13T11:55:56.989Z] > refreshing access token with scopes: ["email","https://www.googleapis.com/auth/cloud-platform","https://www.googleapis.com/auth/cloudplatformprojects.readonly","https://www.googleapis.com/auth/firebase","openid"]
[debug] [2022-01-13T11:55:56.990Z] >>> HTTP REQUEST POST https://www.googleapis.com/oauth2/v3/token  
 <request body omitted>
[debug] [2022-01-13T11:55:57.311Z] <<< HTTP RESPONSE 200 {"date":"Thu, 13 Jan 2022 11:56:20 GMT","cache-control":"no-cache, no-store, max-age=0, must-revalidate","expires":"Mon, 01 Jan 1990 00:00:00 GMT","pragma":"no-cache","content-type":"application/json; charset=utf-8","vary":"X-Origin, Referer, Origin,Accept-Encoding","server":"scaffolding on HTTPServer2","x-xss-protection":"0","x-frame-options":"SAMEORIGIN","x-content-type-options":"nosniff","alt-svc":"h3=\":443\"; ma=2592000,h3-29=\":443\"; ma=2592000,h3-Q050=\":443\"; ma=2592000,h3-Q046=\":443\"; ma=2592000,h3-Q043=\":443\"; ma=2592000,quic=\":443\"; ma=2592000; v=\"46,43\"","accept-ranges":"none","transfer-encoding":"chunked"}
[debug] [2022-01-13T11:55:57.387Z] >>> HTTP REQUEST POST https://firebasehosting.googleapis.com/v1beta1/sites/pagination-2e754/versions  
 {"config":{},"labels":{"deployment-tool":"cli-firebase"}}
[debug] [2022-01-13T11:55:59.365Z] <<< HTTP RESPONSE 500 {"vary":"X-Origin, Referer, Origin,Accept-Encoding","content-type":"application/json; charset=UTF-8","date":"Thu, 13 Jan 2022 11:56:22 GMT","server":"ESF","cache-control":"private","x-xss-protection":"0","x-frame-options":"SAMEORIGIN","x-content-type-options":"nosniff","alt-svc":"h3=\":443\"; ma=2592000,h3-29=\":443\"; ma=2592000,h3-Q050=\":443\"; ma=2592000,h3-Q046=\":443\"; ma=2592000,h3-Q043=\":443\"; ma=2592000,quic=\":443\"; ma=2592000; v=\"46,43\"","accept-ranges":"none","transfer-encoding":"chunked"}
[debug] [2022-01-13T11:55:59.366Z] <<< HTTP RESPONSE BODY {"error":{"code":500,"message":"Internal error encountered.","status":"INTERNAL"}}
[error] 
[error] Error: HTTP Error: 500, Internal error encountered.
[debug] [2022-01-13T11:56:00.230Z] Error Context: {
  "body": {
    "error": {
      "code": 500,
      "message": "Internal error encountered.",
      "status": "INTERNAL"
    }
  },
  "response": {
    "statusCode": 500,
    "body": {
      "error": {
        "code": 500,
        "message": "Internal error encountered.",
        "status": "INTERNAL"
      }
    },
    "headers": {
      "vary": "X-Origin, Referer, Origin,Accept-Encoding",
      "content-type": "application/json; charset=UTF-8",
      "date": "Thu, 13 Jan 2022 11:56:22 GMT",
      "server": "ESF",
      "cache-control": "private",
      "x-xss-protection": "0",
      "x-frame-options": "SAMEORIGIN",
      "x-content-type-options": "nosniff",
      "alt-svc": "h3=\":443\"; ma=2592000,h3-29=\":443\"; ma=2592000,h3-Q050=\":443\"; ma=2592000,h3-Q046=\":443\"; ma=2592000,h3-Q043=\":443\"; ma=2592000,quic=\":443\"; ma=2592000; v=\"46,43\"",
      "accept-ranges": "none",
      "transfer-encoding": "chunked"
    },
    "request": {
      "uri": {
        "protocol": "https:",
        "slashes": true,
        "auth": null,
        "host": "firebasehosting.googleapis.com",
        "port": 443,
        "hostname": "firebasehosting.googleapis.com",
        "hash": null,
        "search": null,
        "query": null,
        "pathname": "/v1beta1/sites/pagination-2e754/versions",
        "path": "/v1beta1/sites/pagination-2e754/versions",
        "href": "https://firebasehosting.googleapis.com/v1beta1/sites/pagination-2e754/versions"
      },
      "method": "POST"
    }
  }
}
